[0.024s] Invoking command in '/home/srini/articubot_one/build/articubot_one': CMAKE_PREFIX_PATH=/home/srini/ros2_ws/install/my_robot_controller:/opt/ros/humble /usr/bin/cmake /home/srini/articubot_one -DCMAKE_INSTALL_PREFIX=/home/srini/articubot_one/install/articubot_one
[0.105s] -- The C compiler identification is GNU 11.4.0
[0.214s] -- The CXX compiler identification is GNU 11.4.0
[0.234s] -- Detecting C compiler ABI info
[0.412s] -- Detecting C compiler ABI info - done
[0.434s] -- Check for working C compiler: /usr/bin/cc - skipped
[0.435s] -- Detecting C compile features
[0.436s] -- Detecting C compile features - done
[0.444s] -- Detecting CXX compiler ABI info
[0.649s] -- Detecting CXX compiler ABI info - done
[0.666s] -- Check for working CXX compiler: /usr/bin/c++ - skipped
[0.668s] -- Detecting CXX compile features
[0.669s] -- Detecting CXX compile features - done
[0.680s] -- Found ament_cmake: 1.3.9 (/opt/ros/humble/share/ament_cmake/cmake)
[0.999s] -- Found Python3: /usr/bin/python3 (found version "3.10.12") found components: Interpreter 
[1.178s] -- Found ament_lint_auto: 0.12.11 (/opt/ros/humble/share/ament_lint_auto/cmake)
[1.336s] -- Added test 'copyright' to check source files copyright and LICENSE
[1.363s] -- Added test 'cppcheck' to perform static code analysis on C / C++ code
[1.363s] -- Configured cppcheck include dirs: 
[1.363s] -- Configured cppcheck exclude dirs and/or files: 
[1.388s] -- Added test 'cpplint' to check C / C++ code against the Google style
[1.388s] -- Configured cpplint exclude dirs and/or files: 
[1.392s] -- Added test 'flake8' to check Python code syntax and style conventions
[1.398s] -- Added test 'lint_cmake' to check CMake code style
[1.402s] -- Added test 'pep257' to check Python code against some of the docstring style conventions in PEP 257
[1.428s] -- Added test 'uncrustify' to check C / C++ code style
[1.429s] -- Configured uncrustify additional arguments: 
[1.433s] -- Added test 'xmllint' to check XML markup files
[1.435s] -- Configuring done
[1.441s] -- Generating done
[1.443s] -- Build files have been written to: /home/srini/articubot_one/build/articubot_one
[1.453s] Invoked command in '/home/srini/articubot_one/build/articubot_one' returned '0': CMAKE_PREFIX_PATH=/home/srini/ros2_ws/install/my_robot_controller:/opt/ros/humble /usr/bin/cmake /home/srini/articubot_one -DCMAKE_INSTALL_PREFIX=/home/srini/articubot_one/install/articubot_one
[1.454s] Invoking command in '/home/srini/articubot_one/build/articubot_one': CMAKE_PREFIX_PATH=/home/srini/ros2_ws/install/my_robot_controller:/opt/ros/humble /usr/bin/cmake --build /home/srini/articubot_one/build/articubot_one -- -j4 -l4
[1.523s] Invoked command in '/home/srini/articubot_one/build/articubot_one' returned '0': CMAKE_PREFIX_PATH=/home/srini/ros2_ws/install/my_robot_controller:/opt/ros/humble /usr/bin/cmake --build /home/srini/articubot_one/build/articubot_one -- -j4 -l4
[1.599s] Invoking command in '/home/srini/articubot_one/build/articubot_one': CMAKE_PREFIX_PATH=/home/srini/ros2_ws/install/my_robot_controller:/opt/ros/humble /usr/bin/cmake --install /home/srini/articubot_one/build/articubot_one
[1.621s] -- Install configuration: ""
[1.621s] -- Installing: /home/srini/articubot_one/install/articubot_one/share/articubot_one/config
[1.622s] -- Installing: /home/srini/articubot_one/install/articubot_one/share/articubot_one/config/mapper_params_online_async.yaml
[1.622s] -- Installing: /home/srini/articubot_one/install/articubot_one/share/articubot_one/config/my_controllers.yaml
[1.622s] -- Installing: /home/srini/articubot_one/install/articubot_one/share/articubot_one/config/map.rviz
[1.623s] -- Installing: /home/srini/articubot_one/install/articubot_one/share/articubot_one/config/empty.yaml
[1.623s] -- Installing: /home/srini/articubot_one/install/articubot_one/share/articubot_one/config/main.rviz
[1.623s] -- Installing: /home/srini/articubot_one/install/articubot_one/share/articubot_one/config/joystick.yaml
[1.624s] -- Installing: /home/srini/articubot_one/install/articubot_one/share/articubot_one/config/view_bot.rviz
[1.624s] -- Installing: /home/srini/articubot_one/install/articubot_one/share/articubot_one/config/ball_tracker_params_robot.yaml
[1.624s] -- Installing: /home/srini/articubot_one/install/articubot_one/share/articubot_one/config/twist_mux.yaml
[1.624s] -- Installing: /home/srini/articubot_one/install/articubot_one/share/articubot_one/config/gazebo_params.yaml
[1.624s] -- Installing: /home/srini/articubot_one/install/articubot_one/share/articubot_one/config/gaz_ros2_ctl_use_sim.yaml
[1.625s] -- Installing: /home/srini/articubot_one/install/articubot_one/share/articubot_one/config/nav2_params.yaml
[1.626s] -- Installing: /home/srini/articubot_one/install/articubot_one/share/articubot_one/config/ball_tracker_params_sim.yaml
[1.626s] -- Installing: /home/srini/articubot_one/install/articubot_one/share/articubot_one/config/drive_bot.rviz
[1.627s] -- Installing: /home/srini/articubot_one/install/articubot_one/share/articubot_one/description
[1.627s] -- Installing: /home/srini/articubot_one/install/articubot_one/share/articubot_one/description/depth_camera.xacro
[1.627s] -- Installing: /home/srini/articubot_one/install/articubot_one/share/articubot_one/description/inertial_macros.xacro
[1.628s] -- Installing: /home/srini/articubot_one/install/articubot_one/share/articubot_one/description/gazebo_control.xacro
[1.628s] -- Installing: /home/srini/articubot_one/install/articubot_one/share/articubot_one/description/camera.xacro
[1.628s] -- Installing: /home/srini/articubot_one/install/articubot_one/share/articubot_one/description/face.xacro
[1.628s] -- Installing: /home/srini/articubot_one/install/articubot_one/share/articubot_one/description/robot.urdf.xacro
[1.629s] -- Installing: /home/srini/articubot_one/install/articubot_one/share/articubot_one/description/lidar.xacro
[1.629s] -- Installing: /home/srini/articubot_one/install/articubot_one/share/articubot_one/description/robot_core.xacro
[1.629s] -- Installing: /home/srini/articubot_one/install/articubot_one/share/articubot_one/description/ros2_control.xacro
[1.630s] -- Installing: /home/srini/articubot_one/install/articubot_one/share/articubot_one/launch
[1.631s] -- Installing: /home/srini/articubot_one/install/articubot_one/share/articubot_one/launch/ball_tracker.launch.py
[1.631s] -- Installing: /home/srini/articubot_one/install/articubot_one/share/articubot_one/launch/camera.launch.py
[1.631s] -- Installing: /home/srini/articubot_one/install/articubot_one/share/articubot_one/launch/navigation_launch.py
[1.632s] -- Installing: /home/srini/articubot_one/install/articubot_one/share/articubot_one/launch/joystick.launch.py
[1.632s] -- Installing: /home/srini/articubot_one/install/articubot_one/share/articubot_one/launch/online_async_launch.py
[1.633s] -- Installing: /home/srini/articubot_one/install/articubot_one/share/articubot_one/launch/launch_robot.launch.py
[1.633s] -- Installing: /home/srini/articubot_one/install/articubot_one/share/articubot_one/launch/rplidar.launch.py
[1.633s] -- Installing: /home/srini/articubot_one/install/articubot_one/share/articubot_one/launch/launch_sim.launch.py
[1.633s] -- Installing: /home/srini/articubot_one/install/articubot_one/share/articubot_one/launch/rsp.launch.py
[1.633s] -- Installing: /home/srini/articubot_one/install/articubot_one/share/articubot_one/launch/localization_launch.py
[1.633s] -- Installing: /home/srini/articubot_one/install/articubot_one/share/articubot_one/worlds
[1.633s] -- Installing: /home/srini/articubot_one/install/articubot_one/share/articubot_one/worlds/empty.world
[1.633s] -- Installing: /home/srini/articubot_one/install/articubot_one/share/articubot_one/worlds/obstacles.world
[1.634s] -- Installing: /home/srini/articubot_one/install/articubot_one/share/ament_index/resource_index/package_run_dependencies/articubot_one
[1.634s] -- Installing: /home/srini/articubot_one/install/articubot_one/share/ament_index/resource_index/parent_prefix_path/articubot_one
[1.634s] -- Installing: /home/srini/articubot_one/install/articubot_one/share/articubot_one/environment/ament_prefix_path.sh
[1.634s] -- Installing: /home/srini/articubot_one/install/articubot_one/share/articubot_one/environment/ament_prefix_path.dsv
[1.634s] -- Installing: /home/srini/articubot_one/install/articubot_one/share/articubot_one/environment/path.sh
[1.634s] -- Installing: /home/srini/articubot_one/install/articubot_one/share/articubot_one/environment/path.dsv
[1.634s] -- Installing: /home/srini/articubot_one/install/articubot_one/share/articubot_one/local_setup.bash
[1.634s] -- Installing: /home/srini/articubot_one/install/articubot_one/share/articubot_one/local_setup.sh
[1.634s] -- Installing: /home/srini/articubot_one/install/articubot_one/share/articubot_one/local_setup.zsh
[1.635s] -- Installing: /home/srini/articubot_one/install/articubot_one/share/articubot_one/local_setup.dsv
[1.635s] -- Installing: /home/srini/articubot_one/install/articubot_one/share/articubot_one/package.dsv
[1.635s] -- Installing: /home/srini/articubot_one/install/articubot_one/share/ament_index/resource_index/packages/articubot_one
[1.639s] -- Installing: /home/srini/articubot_one/install/articubot_one/share/articubot_one/cmake/articubot_oneConfig.cmake
[1.639s] -- Installing: /home/srini/articubot_one/install/articubot_one/share/articubot_one/cmake/articubot_oneConfig-version.cmake
[1.639s] -- Installing: /home/srini/articubot_one/install/articubot_one/share/articubot_one/package.xml
[1.645s] Invoked command in '/home/srini/articubot_one/build/articubot_one' returned '0': CMAKE_PREFIX_PATH=/home/srini/ros2_ws/install/my_robot_controller:/opt/ros/humble /usr/bin/cmake --install /home/srini/articubot_one/build/articubot_one
