[0.188s] DEBUG:colcon:Command line arguments: ['/usr/bin/colcon', 'build']
[0.188s] DEBUG:colcon:Parsed command line arguments: Namespace(log_base=None, log_level=None, verb_name='build', build_base='build', install_base='install', merge_install=False, symlink_install=False, test_result_base=None, continue_on_error=False, executor='parallel', parallel_workers=4, event_handlers=None, ignore_user_meta=False, metas=['./colcon.meta'], base_paths=['.'], packages_ignore=None, packages_ignore_regex=None, paths=None, packages_up_to=None, packages_up_to_regex=None, packages_above=None, packages_above_and_dependencies=None, packages_above_depth=None, packages_select_by_dep=None, packages_skip_by_dep=None, packages_skip_up_to=None, packages_select_build_failed=False, packages_skip_build_finished=False, packages_select_test_failures=False, packages_skip_test_passed=False, packages_select=None, packages_skip=None, packages_select_regex=None, packages_skip_regex=None, packages_start=None, packages_end=None, allow_overriding=[], cmake_args=None, cmake_target=None, cmake_target_skip_unavailable=False, cmake_clean_cache=False, cmake_clean_first=False, cmake_force_configure=False, ament_cmake_args=None, catkin_cmake_args=None, catkin_skip_building_tests=False, verb_parser=<colcon_defaults.argument_parser.defaults.DefaultArgumentsDecorator object at 0x7c07009bc0d0>, verb_extension=<colcon_core.verb.build.BuildVerb object at 0x7c0700ba8610>, main=<bound method BuildVerb.main of <colcon_core.verb.build.BuildVerb object at 0x7c0700ba8610>>)
[0.484s] Level 1:colcon.colcon_core.package_discovery:discover_packages(colcon_meta) check parameters
[0.484s] Level 1:colcon.colcon_core.package_discovery:discover_packages(recursive) check parameters
[0.484s] Level 1:colcon.colcon_core.package_discovery:discover_packages(ignore) check parameters
[0.484s] Level 1:colcon.colcon_core.package_discovery:discover_packages(path) check parameters
[0.484s] Level 1:colcon.colcon_core.package_discovery:discover_packages(colcon_meta) discover
[0.484s] Level 1:colcon.colcon_core.package_discovery:discover_packages(recursive) discover
[0.484s] INFO:colcon.colcon_core.package_discovery:Crawling recursively for packages in '/home/srini/articubot_one'
[0.485s] Level 1:colcon.colcon_core.package_identification:_identify(.) by extensions ['ignore', 'ignore_ament_install']
[0.485s] Level 1:colcon.colcon_core.package_identification:_identify(.) by extension 'ignore'
[0.485s] Level 1:colcon.colcon_core.package_identification:_identify(.) by extension 'ignore_ament_install'
[0.485s] Level 1:colcon.colcon_core.package_identification:_identify(.) by extensions ['colcon_pkg']
[0.485s] Level 1:colcon.colcon_core.package_identification:_identify(.) by extension 'colcon_pkg'
[0.485s] Level 1:colcon.colcon_core.package_identification:_identify(.) by extensions ['colcon_meta']
[0.485s] Level 1:colcon.colcon_core.package_identification:_identify(.) by extension 'colcon_meta'
[0.485s] Level 1:colcon.colcon_core.package_identification:_identify(.) by extensions ['ros']
[0.486s] Level 1:colcon.colcon_core.package_identification:_identify(.) by extension 'ros'
[0.506s] DEBUG:colcon.colcon_core.package_identification:Package '.' with type 'ros.ament_cmake' and name 'articubot_one'
[0.506s] Level 1:colcon.colcon_core.package_discovery:discover_packages(recursive) using defaults
[0.506s] Level 1:colcon.colcon_core.package_discovery:discover_packages(ignore) discover
[0.506s] Level 1:colcon.colcon_core.package_discovery:discover_packages(ignore) using defaults
[0.506s] Level 1:colcon.colcon_core.package_discovery:discover_packages(path) discover
[0.506s] Level 1:colcon.colcon_core.package_discovery:discover_packages(path) using defaults
[0.553s] Level 1:colcon.colcon_core.package_discovery:discover_packages(prefix_path) check parameters
[0.553s] Level 1:colcon.colcon_core.package_discovery:discover_packages(prefix_path) discover
[0.557s] DEBUG:colcon.colcon_installed_package_information.package_discovery:Found 1 installed packages in /home/srini/ros2_ws/install
[0.560s] DEBUG:colcon.colcon_installed_package_information.package_discovery:Found 284 installed packages in /opt/ros/humble
[0.562s] Level 1:colcon.colcon_core.package_discovery:discover_packages(prefix_path) using defaults
[0.636s] Level 5:colcon.colcon_core.verb:set package 'articubot_one' build argument 'cmake_args' from command line to 'None'
[0.636s] Level 5:colcon.colcon_core.verb:set package 'articubot_one' build argument 'cmake_target' from command line to 'None'
[0.636s] Level 5:colcon.colcon_core.verb:set package 'articubot_one' build argument 'cmake_target_skip_unavailable' from command line to 'False'
[0.636s] Level 5:colcon.colcon_core.verb:set package 'articubot_one' build argument 'cmake_clean_cache' from command line to 'False'
[0.636s] Level 5:colcon.colcon_core.verb:set package 'articubot_one' build argument 'cmake_clean_first' from command line to 'False'
[0.636s] Level 5:colcon.colcon_core.verb:set package 'articubot_one' build argument 'cmake_force_configure' from command line to 'False'
[0.636s] Level 5:colcon.colcon_core.verb:set package 'articubot_one' build argument 'ament_cmake_args' from command line to 'None'
[0.636s] Level 5:colcon.colcon_core.verb:set package 'articubot_one' build argument 'catkin_cmake_args' from command line to 'None'
[0.636s] Level 5:colcon.colcon_core.verb:set package 'articubot_one' build argument 'catkin_skip_building_tests' from command line to 'False'
[0.636s] DEBUG:colcon.colcon_core.verb:Building package 'articubot_one' with the following arguments: {'ament_cmake_args': None, 'build_base': '/home/srini/articubot_one/build/articubot_one', 'catkin_cmake_args': None, 'catkin_skip_building_tests': False, 'cmake_args': None, 'cmake_clean_cache': False, 'cmake_clean_first': False, 'cmake_force_configure': False, 'cmake_target': None, 'cmake_target_skip_unavailable': False, 'install_base': '/home/srini/articubot_one/install/articubot_one', 'merge_install': False, 'path': '/home/srini/articubot_one', 'symlink_install': False, 'test_result_base': None}
[0.637s] INFO:colcon.colcon_core.executor:Executing jobs using 'parallel' executor
[0.638s] DEBUG:colcon.colcon_parallel_executor.executor.parallel:run_until_complete
[0.638s] INFO:colcon.colcon_ros.task.ament_cmake.build:Building ROS package in '/home/srini/articubot_one' with build type 'ament_cmake'
[0.638s] INFO:colcon.colcon_cmake.task.cmake.build:Building CMake package in '/home/srini/articubot_one'
[0.651s] INFO:colcon.colcon_core.plugin_system:Skipping extension 'colcon_core.shell.bat': Not used on non-Windows systems
[0.651s] INFO:colcon.colcon_core.shell:Skip shell extension 'powershell' for command environment: Not usable outside of PowerShell
[0.651s] DEBUG:colcon.colcon_core.shell:Skip shell extension 'dsv' for command environment
[0.663s] DEBUG:colcon.colcon_core.event_handler.log_command:Invoking command in '/home/srini/articubot_one/build/articubot_one': CMAKE_PREFIX_PATH=/home/srini/ros2_ws/install/my_robot_controller:/opt/ros/humble /usr/bin/cmake /home/srini/articubot_one -DCMAKE_INSTALL_PREFIX=/home/srini/articubot_one/install/articubot_one
[2.093s] DEBUG:colcon.colcon_core.event_handler.log_command:Invoked command in '/home/srini/articubot_one/build/articubot_one' returned '0': CMAKE_PREFIX_PATH=/home/srini/ros2_ws/install/my_robot_controller:/opt/ros/humble /usr/bin/cmake /home/srini/articubot_one -DCMAKE_INSTALL_PREFIX=/home/srini/articubot_one/install/articubot_one
[2.094s] DEBUG:colcon.colcon_core.event_handler.log_command:Invoking command in '/home/srini/articubot_one/build/articubot_one': CMAKE_PREFIX_PATH=/home/srini/ros2_ws/install/my_robot_controller:/opt/ros/humble /usr/bin/cmake --build /home/srini/articubot_one/build/articubot_one -- -j4 -l4
[2.163s] DEBUG:colcon.colcon_core.event_handler.log_command:Invoked command in '/home/srini/articubot_one/build/articubot_one' returned '0': CMAKE_PREFIX_PATH=/home/srini/ros2_ws/install/my_robot_controller:/opt/ros/humble /usr/bin/cmake --build /home/srini/articubot_one/build/articubot_one -- -j4 -l4
[2.239s] DEBUG:colcon.colcon_core.event_handler.log_command:Invoking command in '/home/srini/articubot_one/build/articubot_one': CMAKE_PREFIX_PATH=/home/srini/ros2_ws/install/my_robot_controller:/opt/ros/humble /usr/bin/cmake --install /home/srini/articubot_one/build/articubot_one
[2.281s] Level 1:colcon.colcon_core.environment:create_environment_scripts_only(articubot_one)
[2.284s] DEBUG:colcon.colcon_core.event_handler.log_command:Invoked command in '/home/srini/articubot_one/build/articubot_one' returned '0': CMAKE_PREFIX_PATH=/home/srini/ros2_ws/install/my_robot_controller:/opt/ros/humble /usr/bin/cmake --install /home/srini/articubot_one/build/articubot_one
[2.294s] Level 1:colcon.colcon_core.environment:checking '/home/srini/articubot_one/install/articubot_one' for CMake module files
[2.295s] Level 1:colcon.colcon_core.environment:checking '/home/srini/articubot_one/install/articubot_one' for CMake config files
[2.295s] Level 1:colcon.colcon_core.shell:create_environment_hook('articubot_one', 'cmake_prefix_path')
[2.295s] INFO:colcon.colcon_core.shell:Creating environment hook '/home/srini/articubot_one/install/articubot_one/share/articubot_one/hook/cmake_prefix_path.ps1'
[2.297s] INFO:colcon.colcon_core.shell:Creating environment descriptor '/home/srini/articubot_one/install/articubot_one/share/articubot_one/hook/cmake_prefix_path.dsv'
[2.298s] INFO:colcon.colcon_core.shell:Creating environment hook '/home/srini/articubot_one/install/articubot_one/share/articubot_one/hook/cmake_prefix_path.sh'
[2.302s] Level 1:colcon.colcon_core.environment:checking '/home/srini/articubot_one/install/articubot_one/bin'
[2.302s] Level 1:colcon.colcon_core.environment:checking '/home/srini/articubot_one/install/articubot_one/lib/pkgconfig/articubot_one.pc'
[2.303s] Level 1:colcon.colcon_core.environment:checking '/home/srini/articubot_one/install/articubot_one/lib/python3.10/site-packages'
[2.303s] Level 1:colcon.colcon_core.environment:checking '/home/srini/articubot_one/install/articubot_one/bin'
[2.304s] INFO:colcon.colcon_core.shell:Creating package script '/home/srini/articubot_one/install/articubot_one/share/articubot_one/package.ps1'
[2.305s] INFO:colcon.colcon_core.shell:Creating package descriptor '/home/srini/articubot_one/install/articubot_one/share/articubot_one/package.dsv'
[2.306s] INFO:colcon.colcon_core.shell:Creating package script '/home/srini/articubot_one/install/articubot_one/share/articubot_one/package.sh'
[2.310s] INFO:colcon.colcon_core.shell:Creating package script '/home/srini/articubot_one/install/articubot_one/share/articubot_one/package.bash'
[2.312s] INFO:colcon.colcon_core.shell:Creating package script '/home/srini/articubot_one/install/articubot_one/share/articubot_one/package.zsh'
[2.313s] Level 1:colcon.colcon_core.environment:create_file_with_runtime_dependencies(/home/srini/articubot_one/install/articubot_one/share/colcon-core/packages/articubot_one)
[2.362s] Level 1:colcon.colcon_core.environment:create_environment_scripts_only(articubot_one)
[2.363s] Level 1:colcon.colcon_core.environment:checking '/home/srini/articubot_one/install/articubot_one' for CMake module files
[2.363s] Level 1:colcon.colcon_core.environment:checking '/home/srini/articubot_one/install/articubot_one' for CMake config files
[2.364s] Level 1:colcon.colcon_core.shell:create_environment_hook('articubot_one', 'cmake_prefix_path')
[2.364s] INFO:colcon.colcon_core.shell:Creating environment hook '/home/srini/articubot_one/install/articubot_one/share/articubot_one/hook/cmake_prefix_path.ps1'
[2.365s] INFO:colcon.colcon_core.shell:Creating environment descriptor '/home/srini/articubot_one/install/articubot_one/share/articubot_one/hook/cmake_prefix_path.dsv'
[2.365s] INFO:colcon.colcon_core.shell:Creating environment hook '/home/srini/articubot_one/install/articubot_one/share/articubot_one/hook/cmake_prefix_path.sh'
[2.366s] Level 1:colcon.colcon_core.environment:checking '/home/srini/articubot_one/install/articubot_one/bin'
[2.366s] Level 1:colcon.colcon_core.environment:checking '/home/srini/articubot_one/install/articubot_one/lib/pkgconfig/articubot_one.pc'
[2.367s] Level 1:colcon.colcon_core.environment:checking '/home/srini/articubot_one/install/articubot_one/lib/python3.10/site-packages'
[2.367s] Level 1:colcon.colcon_core.environment:checking '/home/srini/articubot_one/install/articubot_one/bin'
[2.368s] INFO:colcon.colcon_core.shell:Creating package script '/home/srini/articubot_one/install/articubot_one/share/articubot_one/package.ps1'
[2.368s] INFO:colcon.colcon_core.shell:Creating package descriptor '/home/srini/articubot_one/install/articubot_one/share/articubot_one/package.dsv'
[2.369s] INFO:colcon.colcon_core.shell:Creating package script '/home/srini/articubot_one/install/articubot_one/share/articubot_one/package.sh'
[2.370s] INFO:colcon.colcon_core.shell:Creating package script '/home/srini/articubot_one/install/articubot_one/share/articubot_one/package.bash'
[2.371s] INFO:colcon.colcon_core.shell:Creating package script '/home/srini/articubot_one/install/articubot_one/share/articubot_one/package.zsh'
[2.372s] Level 1:colcon.colcon_core.environment:create_file_with_runtime_dependencies(/home/srini/articubot_one/install/articubot_one/share/colcon-core/packages/articubot_one)
[2.372s] DEBUG:colcon.colcon_parallel_executor.executor.parallel:closing loop
[2.374s] DEBUG:colcon.colcon_parallel_executor.executor.parallel:loop closed
[2.374s] DEBUG:colcon.colcon_parallel_executor.executor.parallel:run_until_complete finished with '0'
[2.374s] DEBUG:colcon.colcon_core.event_reactor:joining thread
[2.394s] INFO:colcon.colcon_core.plugin_system:Skipping extension 'colcon_notification.desktop_notification.terminal_notifier': Not used on non-Darwin systems
[2.394s] INFO:colcon.colcon_core.plugin_system:Skipping extension 'colcon_notification.desktop_notification.win32': Not used on non-Windows systems
[2.394s] INFO:colcon.colcon_notification.desktop_notification:Sending desktop notification using 'notify2'
[2.432s] DEBUG:colcon.colcon_core.event_reactor:joined thread
[2.433s] INFO:colcon.colcon_core.shell:Creating prefix script '/home/srini/articubot_one/install/local_setup.ps1'
[2.435s] INFO:colcon.colcon_core.shell:Creating prefix util module '/home/srini/articubot_one/install/_local_setup_util_ps1.py'
[2.438s] INFO:colcon.colcon_core.shell:Creating prefix chain script '/home/srini/articubot_one/install/setup.ps1'
[2.442s] INFO:colcon.colcon_core.shell:Creating prefix script '/home/srini/articubot_one/install/local_setup.sh'
[2.444s] INFO:colcon.colcon_core.shell:Creating prefix util module '/home/srini/articubot_one/install/_local_setup_util_sh.py'
[2.445s] INFO:colcon.colcon_core.shell:Creating prefix chain script '/home/srini/articubot_one/install/setup.sh'
[2.448s] INFO:colcon.colcon_core.shell:Creating prefix script '/home/srini/articubot_one/install/local_setup.bash'
[2.450s] INFO:colcon.colcon_core.shell:Creating prefix chain script '/home/srini/articubot_one/install/setup.bash'
[2.453s] INFO:colcon.colcon_core.shell:Creating prefix script '/home/srini/articubot_one/install/local_setup.zsh'
[2.454s] INFO:colcon.colcon_core.shell:Creating prefix chain script '/home/srini/articubot_one/install/setup.zsh'
