[0.014s] Invoking command in '/home/srini/articubot_one/build/articubot_one': CMAKE_PREFIX_PATH=${CMAKE_PREFIX_PATH}:/home/srini/ros2_ws/install/my_robot_controller:/opt/ros/humble /usr/bin/cmake /home/srini/articubot_one -DAMENT_CMAKE_SYMLINK_INSTALL=1 -DCMAKE_INSTALL_PREFIX=/home/srini/articubot_one/install/articubot_one
[0.029s] -- Found ament_cmake: 1.3.9 (/opt/ros/humble/share/ament_cmake/cmake)
[0.174s] -- Override CMake install command with custom implementation using symlinks instead of copying resources
[0.194s] -- Found ament_lint_auto: 0.12.11 (/opt/ros/humble/share/ament_lint_auto/cmake)
[0.282s] -- Added test 'copyright' to check source files copyright and LICENSE
[0.307s] -- Added test 'cppcheck' to perform static code analysis on C / C++ code
[0.308s] -- Configured cppcheck include dirs: 
[0.308s] -- Configured cppcheck exclude dirs and/or files: 
[0.335s] -- Added test 'cpplint' to check C / C++ code against the Google style
[0.336s] -- Configured cpplint exclude dirs and/or files: 
[0.341s] -- Added test 'flake8' to check Python code syntax and style conventions
[0.348s] -- Added test 'lint_cmake' to check CMake code style
[0.352s] -- Added test 'pep257' to check Python code against some of the docstring style conventions in PEP 257
[0.383s] -- Added test 'uncrustify' to check C / C++ code style
[0.383s] -- Configured uncrustify additional arguments: 
[0.387s] -- Added test 'xmllint' to check XML markup files
[0.388s] -- Configuring done
[0.392s] -- Generating done
[0.398s] -- Build files have been written to: /home/srini/articubot_one/build/articubot_one
[0.402s] Invoked command in '/home/srini/articubot_one/build/articubot_one' returned '0': CMAKE_PREFIX_PATH=${CMAKE_PREFIX_PATH}:/home/srini/ros2_ws/install/my_robot_controller:/opt/ros/humble /usr/bin/cmake /home/srini/articubot_one -DAMENT_CMAKE_SYMLINK_INSTALL=1 -DCMAKE_INSTALL_PREFIX=/home/srini/articubot_one/install/articubot_one
[0.405s] Invoking command in '/home/srini/articubot_one/build/articubot_one': CMAKE_PREFIX_PATH=${CMAKE_PREFIX_PATH}:/home/srini/ros2_ws/install/my_robot_controller:/opt/ros/humble /usr/bin/cmake --build /home/srini/articubot_one/build/articubot_one -- -j4 -l4
[0.449s] Invoked command in '/home/srini/articubot_one/build/articubot_one' returned '0': CMAKE_PREFIX_PATH=${CMAKE_PREFIX_PATH}:/home/srini/ros2_ws/install/my_robot_controller:/opt/ros/humble /usr/bin/cmake --build /home/srini/articubot_one/build/articubot_one -- -j4 -l4
[0.483s] Invoking command in '/home/srini/articubot_one/build/articubot_one': CMAKE_PREFIX_PATH=${CMAKE_PREFIX_PATH}:/home/srini/ros2_ws/install/my_robot_controller:/opt/ros/humble /usr/bin/cmake --install /home/srini/articubot_one/build/articubot_one
[0.491s] -- Install configuration: ""
[0.491s] -- Execute custom install script
[0.492s] -- Symlinking: /home/srini/articubot_one/install/articubot_one/share/articubot_one/config/ball_tracker_params_robot.yaml
[0.502s] -- Symlinking: /home/srini/articubot_one/install/articubot_one/share/articubot_one/config/ball_tracker_params_sim.yaml
[0.512s] -- Symlinking: /home/srini/articubot_one/install/articubot_one/share/articubot_one/config/drive_bot.rviz
[0.521s] -- Symlinking: /home/srini/articubot_one/install/articubot_one/share/articubot_one/config/empty.yaml
[0.531s] -- Symlinking: /home/srini/articubot_one/install/articubot_one/share/articubot_one/config/gaz_ros2_ctl_use_sim.yaml
[0.541s] -- Symlinking: /home/srini/articubot_one/install/articubot_one/share/articubot_one/config/gazebo_params.yaml
[0.551s] -- Symlinking: /home/srini/articubot_one/install/articubot_one/share/articubot_one/config/joystick.yaml
[0.561s] -- Symlinking: /home/srini/articubot_one/install/articubot_one/share/articubot_one/config/main.rviz
[0.570s] -- Symlinking: /home/srini/articubot_one/install/articubot_one/share/articubot_one/config/map.rviz
[0.580s] -- Symlinking: /home/srini/articubot_one/install/articubot_one/share/articubot_one/config/mapper_params_online_async.yaml
[0.590s] -- Symlinking: /home/srini/articubot_one/install/articubot_one/share/articubot_one/config/my_controllers.yaml
[0.599s] -- Symlinking: /home/srini/articubot_one/install/articubot_one/share/articubot_one/config/nav2_params.yaml
[0.609s] -- Symlinking: /home/srini/articubot_one/install/articubot_one/share/articubot_one/config/twist_mux.yaml
[0.618s] -- Symlinking: /home/srini/articubot_one/install/articubot_one/share/articubot_one/config/view_bot.rviz
[0.629s] -- Symlinking: /home/srini/articubot_one/install/articubot_one/share/articubot_one/description/camera.xacro
[0.639s] -- Symlinking: /home/srini/articubot_one/install/articubot_one/share/articubot_one/description/depth_camera.xacro
[0.659s] -- Symlinking: /home/srini/articubot_one/install/articubot_one/share/articubot_one/description/face.xacro
[0.677s] -- Symlinking: /home/srini/articubot_one/install/articubot_one/share/articubot_one/description/gazebo_control.xacro
[0.688s] -- Symlinking: /home/srini/articubot_one/install/articubot_one/share/articubot_one/description/inertial_macros.xacro
[0.700s] -- Symlinking: /home/srini/articubot_one/install/articubot_one/share/articubot_one/description/lidar.xacro
[0.710s] -- Symlinking: /home/srini/articubot_one/install/articubot_one/share/articubot_one/description/robot.urdf.xacro
[0.718s] -- Symlinking: /home/srini/articubot_one/install/articubot_one/share/articubot_one/description/robot_core.xacro
[0.728s] -- Symlinking: /home/srini/articubot_one/install/articubot_one/share/articubot_one/description/ros2_control.xacro
[0.738s] -- Symlinking: /home/srini/articubot_one/install/articubot_one/share/articubot_one/launch/ball_tracker.launch.py
[0.748s] -- Symlinking: /home/srini/articubot_one/install/articubot_one/share/articubot_one/launch/camera.launch.py
[0.758s] -- Symlinking: /home/srini/articubot_one/install/articubot_one/share/articubot_one/launch/joystick.launch.py
[0.767s] -- Symlinking: /home/srini/articubot_one/install/articubot_one/share/articubot_one/launch/launch_robot.launch.py
[0.776s] -- Symlinking: /home/srini/articubot_one/install/articubot_one/share/articubot_one/launch/launch_sim.launch.py
[0.785s] -- Symlinking: /home/srini/articubot_one/install/articubot_one/share/articubot_one/launch/localization_launch.py
[0.795s] -- Symlinking: /home/srini/articubot_one/install/articubot_one/share/articubot_one/launch/navigation_launch.py
[0.804s] -- Symlinking: /home/srini/articubot_one/install/articubot_one/share/articubot_one/launch/online_async_launch.py
[0.815s] -- Symlinking: /home/srini/articubot_one/install/articubot_one/share/articubot_one/launch/rplidar.launch.py
[0.824s] -- Symlinking: /home/srini/articubot_one/install/articubot_one/share/articubot_one/launch/rsp.launch.py
[0.834s] -- Symlinking: /home/srini/articubot_one/install/articubot_one/share/articubot_one/worlds/empty.world
[0.845s] -- Symlinking: /home/srini/articubot_one/install/articubot_one/share/articubot_one/worlds/obstacles.world
[0.854s] -- Symlinking: /home/srini/articubot_one/install/articubot_one/share/ament_index/resource_index/package_run_dependencies/articubot_one
[0.864s] -- Symlinking: /home/srini/articubot_one/install/articubot_one/share/ament_index/resource_index/parent_prefix_path/articubot_one
[0.873s] -- Symlinking: /home/srini/articubot_one/install/articubot_one/share/articubot_one/environment/ament_prefix_path.sh
[0.883s] -- Symlinking: /home/srini/articubot_one/install/articubot_one/share/articubot_one/environment/ament_prefix_path.dsv
[0.892s] -- Symlinking: /home/srini/articubot_one/install/articubot_one/share/articubot_one/environment/path.sh
[0.901s] -- Symlinking: /home/srini/articubot_one/install/articubot_one/share/articubot_one/environment/path.dsv
[0.912s] -- Symlinking: /home/srini/articubot_one/install/articubot_one/share/articubot_one/local_setup.bash
[0.921s] -- Symlinking: /home/srini/articubot_one/install/articubot_one/share/articubot_one/local_setup.sh
[0.930s] -- Symlinking: /home/srini/articubot_one/install/articubot_one/share/articubot_one/local_setup.zsh
[0.941s] -- Symlinking: /home/srini/articubot_one/install/articubot_one/share/articubot_one/local_setup.dsv
[0.950s] -- Symlinking: /home/srini/articubot_one/install/articubot_one/share/articubot_one/package.dsv
[0.960s] -- Symlinking: /home/srini/articubot_one/install/articubot_one/share/ament_index/resource_index/packages/articubot_one
[0.969s] -- Symlinking: /home/srini/articubot_one/install/articubot_one/share/articubot_one/cmake/articubot_oneConfig.cmake
[0.980s] -- Symlinking: /home/srini/articubot_one/install/articubot_one/share/articubot_one/cmake/articubot_oneConfig-version.cmake
[0.989s] -- Symlinking: /home/srini/articubot_one/install/articubot_one/share/articubot_one/package.xml
[1.001s] Invoked command in '/home/srini/articubot_one/build/articubot_one' returned '0': CMAKE_PREFIX_PATH=${CMAKE_PREFIX_PATH}:/home/srini/ros2_ws/install/my_robot_controller:/opt/ros/humble /usr/bin/cmake --install /home/srini/articubot_one/build/articubot_one
